Hello from host node-1[6] 0 of 10
Hello from host node-3[6] 2 of 10
Hello from host node-9[6] 8 of 10
Hello from host node-7[6] 6 of 10
Hello from host node-5[6] 4 of 10
Hello from host node-10[7] 9 of 10
Hello from host node-8[6] 7 of 10
Receive node-10[7] 9 of 10
Hello from host node-6[6] 5 of 10
Hello from host node-4[6] 3 of 10
Receive node-4[6] 3 of 10
Hello from host node-2[6] 1 of 10
Receive node-2[6] 1 of 10
Receive node-8[6] 7 of 10
Receive node-6[6] 5 of 10
     0     0-16777216     0-16776961     0     0   255     0     0
     1     0-16777216     0     0     0     0     0     0     0
     2     0     0     080846340880846443280820228880846443243527681416455501
     31835355392     0     0     0     0     0     0     0     0
     4     0     0     0     0     0     0     0     0     0
     5     0     0     0     0     0     0     0     0     0
     6 32546     9     0     0     01037607084 325461038759316 32546
     7     0     0    20     7     0   320     048296096 21865
     8     0   -80    -1     5     0    20    53     0     0
     9    10     0     0   124   119   110    9114179223041458703450
     0     1     2     3     4     5     6     7     8     9
    10    11    12    13    14    15    16    17    18    19
    20    21    22    23    24    25    26    27    28    29
    30    31    32    33    34    35    36    37    38    39
    40    41    42    43    44    45    46    47    48    49
    50    51    52    53    54    55    56    57    58    59
    60    61    62    63    64    65    66    67    68    69
     0     1     2     3     4     5     6     7     8     9
    10    11    12    13    14    15    16    17    18    19
    20    21    22    23    24    25    26    27    28    29
    30    31    32    33    34    35    36    37    38    39
    40    41    42    43    44    45    46    47    48    49
    50    51    52    53    54    55    56    57    58    59
    70    71    72    73    74    75    76    77    78    79
    80    81    82    83    84    85    86    87    88    89
    90    91    92    93    94    95    96    97    98    99
     0     1     2     3     4     5     6     7     8     9
    10    11    12    13    14    15    16    17    18    19
    20    21    22    23    24    25    26    27    28    29
    30    31    32    33    34    35    36    37    38    39
    40    41    42    43    44    45    46    47    48    49
    50    51    52    53    54    55    56    57    58    59
    60    61    62    63    64    65    66    67    68    69
    70    71    72    73    74    75    76    77    78    79
    80    81    82    83    84    85    86    87    88    89
    60    61    62    63    64    65    66    67    68    69
    70    71    72    73    74    75    76    77    78    79
    80    81    82    83    84    85    86    87    88    89
    90    91    92    93    94    95    96    97    98    99
    90    91    92    93    94    95    96    97    98    99
     0     0     0   255     0     0     0     0-16777216     0
     1     0     0     0     0     0-16777216     0     0     0
     28084644328082022888084644324352768141645550118183261271835355392     0     0
     3     0     0     0     0     0     0     0     0     0
     4     0     0     0     0     0     0     0     0     0
     5     0     0     0     0     0   -80    -1     3     0
     6 32690     9     0     0     0480321708 32690481473940 32690
     7     02003219040    20     7     0   320     02003218592 22031
     8     0   -80    -1     5     0    20    53     0     0
     9    10     0     0   124   119   110    911800069120-1713347985
[node-4:20877] *** Process received signal ***
[node-4:20877] Signal: Segmentation fault (11)
[node-4:20877] Signal code: Address not mapped (1)
[node-4:20877] Failing at address: 0x123dd14c87
[node-8:10833] *** Process received signal ***
[node-8:10833] Signal: Segmentation fault (11)
[node-8:10833] Signal code: Address not mapped (1)
[node-8:10833] Failing at address: 0x121c99cc87
--------------------------------------------------------------------------
mpirun noticed that process rank 3 with PID 20877 on node node-4 exited on signal 11 (Segmentation fault).
--------------------------------------------------------------------------
