Hello from host node-1[6] 0 of 4
Hello from host node-3[6] 2 of 4
Hello from host node-4[6] 3 of 4
Receive node-4[6] 3 of 4
Hello from host node-2[6] 1 of 4
Receive node-2[6] 1 of 4
     0     0-16777216     0-16776961     0     0   255     0     0
     1     0-16777216     0     0     0     0     0     0     0
     2     0     0     080846340880846443280820228880846443243527681416455501
     31835355392     0     0     0     0     0     0     0     0
     4     0     0     0     0     0     0     0     0     0
     5     0     0     0     0     0     0     0     0     0
     6 32666     9     0     0     0-1165176660 32666-1164024428 32666
     7     0     0    20     7     0   320     0-442740576 22019
     8     0   -80    -1     5     0    20    53     0     0
     9    10     0     0   124   119   110    91-1153227264-1232201328
     0     1     2     3     4     5     6     7     8     9
    10    11    12    13    14    15    16    17    18    19
    20    21    22    23    24    25    26    27    28    29
    30    31    32    33    34    35    36    37    38    39
    40    41    42    43    44    45    46    47    48    49
    50    51    52    53    54    55    56    57    58    59
    60    61    62    63    64    65    66    67    68    69
    70    71    72    73    74    75    76    77    78    79
    80    81    82    83    84    85    86    87    88    89
    90    91    92    93    94    95    96    97    98    99
[node-4:20707] *** Process received signal ***
[node-4:20707] Signal: Segmentation fault (11)
[node-4:20707] Signal code: Address not mapped (1)
[node-4:20707] Failing at address: 0x12ba857c87
--------------------------------------------------------------------------
mpirun noticed that process rank 3 with PID 20707 on node node-4 exited on signal 11 (Segmentation fault).
--------------------------------------------------------------------------
