Hello from host node-1[6] 0 of 4
Hello from host node-3[6] 2 of 4
Hello from host node-2[6] 1 of 4
Hello from host node-4[6] 3 of 4
Receive node-4[6] 3 of 4
Receive node-2[6] 1 of 4
     0     1     2     3     4     5     6     7     8     9
    10    11    12    13    14    15    16    17    18    19
    20    21    22    23    24    25    26    27    28    29
    30    31    32    33    34    35    36    37    38    39
    40    41    42    43    44    45    46    47    48    49
    50    51    52    53    54    55    56    57    58    59
    60    61    62    63    64    65    66    67    68    69
     0168430090168430090168430090     0     0-16777216     0-16776961     0
     1   255     0     0     0     0-16777216     0     0     0
     2     0     0     0-16777216     0     0     0808463408808464432
     38084644324352768141645550118183261271835355392     0     0     0     0
     4     0     0     0     0     0     0     0     0     0
     5     0     0     0     0     0     0     0     0     0
     6     0     0     0     0     0666910892 32522668063124 32522
     7     0     2    20     7     0   320     0-450408288 21997
     8     0   -80    -1     5     0    20    53     0     0
     9    10     0     0   124   119   110    9113049733121214037178
    70    71    72    73    74    75    76    77    78    79
    80    81    82    83    84    85    86    87    88    89
    90    91    92    93    94    95    96    97    98    99
[node-4:07210] *** Process received signal ***
[node-4:07210] Signal: Segmentation fault (11)
[node-4:07210] Signal code: Address not mapped (1)
[node-4:07210] Failing at address: 0x1227b8ec87
--------------------------------------------------------------------------
mpirun noticed that process rank 3 with PID 7210 on node node-4 exited on signal 11 (Segmentation fault).
--------------------------------------------------------------------------
